Incident Identifier: 4272FD88-FB24-430C-B8DC-216252B0D618
CrashReporter Key:   A30DB253-E95E-4D57-BE3D-E776F670B493
Hardware Model:      iPhone6,1
Process:         Tumblr [6225]
Path:            /Users/USER/Tumblr.app/Tumblr
Identifier:      com.tumblr.Tumblr
Version:         232
Code Type:       ARM
Parent Process:  launchd [1]

Date/Time:       2014-03-06T12:49:32Z
OS Version:      iPhone OS 7.0.6 (11B651)
Report Version:  104

Exception Type:  SIGSEGV
Exception Codes: SEGV_ACCERR at 0xd5
Crashed Thread:  0

Thread 0 Crashed:
0   CoreText                             0x2ecdfe66 TComponentFont::GetUnderlineThickness(CGAffineTransform const&) const + 10
1   CoreText                             0x2ecdfde5 TFont::GetUnderlineThickness() const + 38
2   UIFoundation                         0x35eeeef7 -[NSLayoutManager _drawLineForGlyphRange:type:baselineOffset:lineFragmentRect:lineFragmentGlyphRange:containerOrigin:isStrikethrough:] + 3358
3   UIFoundation                         0x35f2dc9b -[NSLayoutManager drawUnderlineForGlyphRange:underlineType:baselineOffset:lineFragmentRect:lineFragmentGlyphRange:containerOrigin:] + 86
4   UIFoundation                         0x35ef011d -[NSLayoutManager _lineGlyphRange:type:lineFragmentRect:lineFragmentGlyphRange:containerOrigin:isStrikethrough:] + 1184
5   UIFoundation                         0x35f2ddab -[NSLayoutManager underlineGlyphRange:underlineType:lineFragmentRect:lineFragmentGlyphRange:containerOrigin:] + 78
6   UIFoundation                         0x35f0428f -[NSLayoutManager _drawGlyphsForGlyphRange:atPoint:] + 5734
7   UIFoundation                         0x35f2db73 -[NSLayoutManager drawGlyphsForGlyphRange:atPoint:] + 38
8   UIKit                                0x30e4f8b5 __33-[_UITextContainerView drawRect:]_block_invoke + 378
9   UIFoundation                         0x35f48cd9 -[NSTextStorage coordinateReading:] + 36
10  UIKit                                0x30e4f6b1 -[_UITextContainerView drawRect:] + 376
11  UIKit                                0x30e0bdd9 -[UIView drawLayer:inContext:] + 372
12  QuartzCore                           0x30a41a79 -[CALayer drawInContext:] + 100
13  QuartzCore                           0x30a2b243 CABackingStoreUpdate_ + 1856
14  QuartzCore                           0x30b052ed ___ZN2CA5Layer8display_Ev_block_invoke + 50
15  QuartzCore                           0x30a2aaf3 x_blame_allocations + 80
16  QuartzCore                           0x30a2a7a7 CA::Layer::display_() + 1116
17  QuartzCore                           0x30a0e369 CA::Layer::display_if_needed(CA::Transaction*) + 206
18  QuartzCore                           0x30a0e001 CA::Layer::layout_and_display_if_needed(CA::Transaction*) + 22
19  QuartzCore                           0x30a0da0d CA::Context::commit_transaction(CA::Transaction*) + 226
20  QuartzCore                           0x30a0d81f CA::Transaction::commit() + 312
21  QuartzCore                           0x30a62929 CA::Display::DisplayLink::dispatch_items(unsigned long long, unsigned long long, unsigned long long) + 514
22  IOMobileFramebuffer                  0x3368c76d IOMobileFramebufferVsyncNotifyFunc + 102
23  IOKit                                0x2f2e9be5 IODispatchCalloutFromCFMessage + 248
24  CoreFoundation                       0x2e5c7b81 __CFMachPortPerform + 134
25  CoreFoundation                       0x2e5d2777 __CFRUNLOOP_IS_CALLING_OUT_TO_A_SOURCE1_PERFORM_FUNCTION__ + 32
26  CoreFoundation                       0x2e5d2713 __CFRunLoopDoSource1 + 344
27  CoreFoundation                       0x2e5d0edf __CFRunLoopRun + 1404
28  CoreFoundation                       0x2e53b471 CFRunLoopRunSpecific + 524
29  CoreFoundation                       0x2e53b253 CFRunLoopRunInMode + 106
30  GraphicsServices                     0x3326f2eb GSEventRunModal + 138
31  UIKit                                0x30df0845 UIApplicationMain + 1136
32  Tumblr                             0x000ae65f main (main.m:15)
33  libdyld.dylib                        0x38e61ab7 start + 0

Thread 1:
0   libsystem_kernel.dylib               0x38f05838 kevent64 + 24
1   libdispatch.dylib                    0x38e4e623 _dispatch_mgr_thread + 36

Thread 2:
0   libsystem_kernel.dylib               0x38f18550 __semwait_signal + 24
1   Foundation                           0x2efeb349 +[NSThread sleepForTimeInterval:] + 144
2   Tumblr                             0x0026ea69 -[YI13NPrivate run:] (YI13NPrivate.m:89)
3   Foundation                           0x2efebc37 __NSThread__main__ + 1060
4   libsystem_pthread.dylib              0x38f7ec5d _pthread_body + 138
5   libsystem_pthread.dylib              0x38f7ebcf _pthread_start + 102
6   libsystem_pthread.dylib              0x38f7ccd0 thread_start + 8

Thread 3:
0   libsystem_kernel.dylib               0x38f05a84 mach_msg_trap + 20
1   CoreFoundation                       0x2e5d2559 __CFRunLoopServiceMachPort + 154
2   CoreFoundation                       0x2e5d0c79 __CFRunLoopRun + 790
3   CoreFoundation                       0x2e53b471 CFRunLoopRunSpecific + 524
4   CoreFoundation                       0x2e53b253 CFRunLoopRunInMode + 106
5   Foundation                           0x2ef29697 -[NSRunLoop runMode:beforeDate:] + 254
6   Tumblr                             0x002cda4b +[JXURLConnectionOperation runLoopForever] (JXURLConnectionOperation.m:116)
7   Foundation                           0x2efebc37 __NSThread__main__ + 1060
8   libsystem_pthread.dylib              0x38f7ec5d _pthread_body + 138
9   libsystem_pthread.dylib              0x38f7ebcf _pthread_start + 102
10  libsystem_pthread.dylib              0x38f7ccd0 thread_start + 8

Thread 4:
0   libsystem_kernel.dylib               0x38f05a84 mach_msg_trap + 20
1   CoreFoundation                       0x2e5d2559 __CFRunLoopServiceMachPort + 154
2   CoreFoundation                       0x2e5d0c79 __CFRunLoopRun + 790
3   CoreFoundation                       0x2e53b471 CFRunLoopRunSpecific + 524
4   CoreFoundation                       0x2e53b253 CFRunLoopRunInMode + 106
5   Foundation                           0x2ef764c1 +[NSURLConnection _resourceLoadLoop:] + 320
6   Foundation                           0x2efebc37 __NSThread__main__ + 1060
7   libsystem_pthread.dylib              0x38f7ec5d _pthread_body + 138
8   libsystem_pthread.dylib              0x38f7ebcf _pthread_start + 102
9   libsystem_pthread.dylib              0x38f7ccd0 thread_start + 8

Thread 5:
0   libsystem_kernel.dylib               0x38f18440 __select + 20
1   libsystem_pthread.dylib              0x38f7ec5d _pthread_body + 138
2   libsystem_pthread.dylib              0x38f7ebcf _pthread_start + 102
3   libsystem_pthread.dylib              0x38f7ccd0 thread_start + 8

Thread 6:
0   libsystem_kernel.dylib               0x38f05a84 mach_msg_trap + 20
1   CoreFoundation                       0x2e5d2559 __CFRunLoopServiceMachPort + 154
2   CoreFoundation                       0x2e5d0c79 __CFRunLoopRun + 790
3   CoreFoundation                       0x2e53b471 CFRunLoopRunSpecific + 524
4   CoreFoundation                       0x2e57f0db CFRunLoopRun + 98
5   CoreMotion                           0x2ebf3369 CLSF_thorntonUpdate_6x6 + 57225
6   libsystem_pthread.dylib              0x38f7ec5d _pthread_body + 138
7   libsystem_pthread.dylib              0x38f7ebcf _pthread_start + 102
8   libsystem_pthread.dylib              0x38f7ccd0 thread_start + 8

Thread 7:
0   libsystem_kernel.dylib               0x38f05a84 mach_msg_trap + 20
1   CoreFoundation                       0x2e5d2559 __CFRunLoopServiceMachPort + 154
2   CoreFoundation                       0x2e5d0c79 __CFRunLoopRun + 790
3   CoreFoundation                       0x2e53b471 CFRunLoopRunSpecific + 524
4   CoreFoundation                       0x2e53b253 CFRunLoopRunInMode + 106
5   WebCore                              0x365020c5 RunWebThread(void*) + 418
6   libsystem_pthread.dylib              0x38f7ec5d _pthread_body + 138
7   libsystem_pthread.dylib              0x38f7ebcf _pthread_start + 102
8   libsystem_pthread.dylib              0x38f7ccd0 thread_start + 8

Thread 8:
0   libsystem_kernel.dylib               0x38f05a84 mach_msg_trap + 20
1   CoreFoundation                       0x2e5d2559 __CFRunLoopServiceMachPort + 154
2   CoreFoundation                       0x2e5d0c79 __CFRunLoopRun + 790
3   CoreFoundation                       0x2e53b471 CFRunLoopRunSpecific + 524
4   CoreFoundation                       0x2e53b253 CFRunLoopRunInMode + 106
5   libAVFAudio.dylib                    0x2d5aa5b3 GenericRunLoopThread::Entry(void*) + 128
6   libAVFAudio.dylib                    0x2d59eaff CAPThread::Entry(CAPThread*) + 176
7   libsystem_pthread.dylib              0x38f7ec5d _pthread_body + 138
8   libsystem_pthread.dylib              0x38f7ebcf _pthread_start + 102
9   libsystem_pthread.dylib              0x38f7ccd0 thread_start + 8

Thread 9:
0   libsystem_kernel.dylib               0x38f17f38 __psynch_cvwait + 24
1   libsystem_pthread.dylib              0x38f7f041 pthread_cond_wait + 40
2   JavaScriptCore                       0x2f55f405 JSC::BlockAllocator::blockFreeingThreadMain() + 206
3   JavaScriptCore                       0x2f55ca6b WTF::wtfThreadEntryPoint(void*) + 12
4   libsystem_pthread.dylib              0x38f7ec5d _pthread_body + 138
5   libsystem_pthread.dylib              0x38f7ebcf _pthread_start + 102
6   libsystem_pthread.dylib              0x38f7ccd0 thread_start + 8

Thread 10:
0   libsystem_kernel.dylib               0x38f17f38 __psynch_cvwait + 24
1   libsystem_pthread.dylib              0x38f7f041 pthread_cond_wait + 40
2   JavaScriptCore                       0x2f6fdaef JSC::GCThread::waitForNextPhase() + 76
3   JavaScriptCore                       0x2f6fdb49 JSC::GCThread::gcThreadMain() + 50
4   JavaScriptCore                       0x2f55ca6b WTF::wtfThreadEntryPoint(void*) + 12
5   libsystem_pthread.dylib              0x38f7ec5d _pthread_body + 138
6   libsystem_pthread.dylib              0x38f7ebcf _pthread_start + 102
7   libsystem_pthread.dylib              0x38f7ccd0 thread_start + 8

Thread 11:
0   libsystem_kernel.dylib               0x38f18c7c __workq_kernreturn + 8
1   libsystem_pthread.dylib              0x38f7ccc4 start_wqthread + 8

Thread 12:
0   libsystem_kernel.dylib               0x38f07650 fsync + 8
1   CFNetwork                            0x2e1cb7e5 __CFURLCache::ExecuteSQLInsert(_CFCachedURLResponse const*, __CFString const*, _CFURLRequest const*) + 1738
2   CFNetwork                            0x2e23afad __CFURLCache::ProcessCacheTasks0(bool) + 246
3   CFNetwork                            0x2e23adb9 __CFURLCache::ProcessCacheTasks(bool) + 34
4   CFNetwork                            0x2e23ae13 __CFURLCache::_PreProcessCacheTasks() + 76
5   CFNetwork                            0x2e23ac57 __CFURLCache::_CFURLCacheTimerCallback0() + 632
6   CFNetwork                            0x2e23a9d1 __CFURLCache::_CFURLCacheTimerCallback(void*) + 30
7   libdispatch.dylib                    0x38e4e72f _dispatch_source_invoke + 260
8   libdispatch.dylib                    0x38e51e3d _dispatch_queue_drain + 310
9   libdispatch.dylib                    0x38e4ef93 _dispatch_queue_invoke + 40
10  libdispatch.dylib                    0x38e52745 _dispatch_root_queue_drain + 74
11  libdispatch.dylib                    0x38e529c5 _dispatch_worker_thread2 + 54
12  libsystem_pthread.dylib              0x38f7cdff _pthread_wqthread + 298
13  libsystem_pthread.dylib              0x38f7ccc4 start_wqthread + 8

Thread 13:
0   libsystem_kernel.dylib               0x38f05a84 mach_msg_trap + 20
1   IOKit                                0x2f329a35 io_connect_method + 292
2   IOKit                                0x2f2ea2a1 IOConnectCallMethod + 308
3   IOKit                                0x2f2ea41f IOConnectCallStructMethod + 42
4   IOSurface                            0x33691a17 transformSurface + 844
5   IOSurface                            0x33691a73 IOSurfaceAcceleratorTransferSurface + 74
6   VideoToolbox                         0x314aa21d figIOSurfaceAcceleratedPixelTransfer_TransferM2 + 438
7   VideoToolbox                         0x314a9857 VTPixelTransferSessionTransferImage + 10314
8   ImageIO                              0x2f35faaf copyImageBlockSetJPEG + 2580
9   ImageIO                              0x2f348c8b ImageProviderCopyImageBlockSetCallback + 536
10  CoreGraphics                         0x2e68f46d CGImageProviderCopyImageBlockSetWithOptions + 136
11  CoreGraphics                         0x2e68f123 img_blocks_create + 380
12  CoreGraphics                         0x2e6823f5 img_data_lock + 1050
13  CoreGraphics                         0x2e6817d9 CGSImageDataLock + 88
14  libRIP.A.dylib                       0x2e9ceda7 ripc_AcquireImage + 96
15  libRIP.A.dylib                       0x2e9ce131 ripc_DrawImage + 598
16  CoreGraphics                         0x2e6816eb CGContextDelegateDrawImage + 50
17  CoreGraphics                         0x2e681571 CGContextDrawImage + 284
18  Tumblr                             0x001edf4f -[TMImageView newDecompressedImage:] (TMImageView.m:359)
19  Tumblr                             0x001ed817 __38-[TMImageView decodeImageInBackground]_block_invoke (TMImageView.m:235)
20  libdispatch.dylib                    0x38e4d0c3 _dispatch_call_block_and_release + 8
21  libdispatch.dylib                    0x38e527d9 _dispatch_root_queue_drain + 222
22  libdispatch.dylib                    0x38e529c5 _dispatch_worker_thread2 + 54
23  libsystem_pthread.dylib              0x38f7cdff _pthread_wqthread + 298
24  libsystem_pthread.dylib              0x38f7ccc4 start_wqthread + 8

Thread 14:
0   CoreGraphics                         0x2e6c4246 resample_byte_h_3cpp_armv7 + 422
1   CoreGraphics                         0x2e68789b resample_band + 880
2   CoreGraphics                         0x2e686a55 img_interpolate_read + 554
3   CoreGraphics                         0x2e683191 img_data_lock + 4534
4   CoreGraphics                         0x2e6817d9 CGSImageDataLock + 88
5   libRIP.A.dylib                       0x2e9ceda7 ripc_AcquireImage + 96
6   libRIP.A.dylib                       0x2e9ce131 ripc_DrawImage + 598
7   CoreGraphics                         0x2e6816eb CGContextDelegateDrawImage + 50
8   CoreGraphics                         0x2e681571 CGContextDrawImage + 284
9   ImageIO                              0x2f369faf CGImageCreateCopyWithParametersNew + 1728
10  ImageIO                              0x2f36979f CGImageSourceCreateThumbnailAtIndex + 2390
11  Tumblr                             0x0018946f __39-[TMImageController decodeGIF:key:url:]_block_invoke (TMImageController.m:166)
12  libdispatch.dylib                    0x38e4d0c3 _dispatch_call_block_and_release + 8
13  libdispatch.dylib                    0x38e51e7b _dispatch_queue_drain + 372
14  libdispatch.dylib                    0x38e4ef93 _dispatch_queue_invoke + 40
15  libdispatch.dylib                    0x38e52745 _dispatch_root_queue_drain + 74
16  libdispatch.dylib                    0x38e529c5 _dispatch_worker_thread2 + 54
17  libsystem_pthread.dylib              0x38f7cdff _pthread_wqthread + 298
18  libsystem_pthread.dylib              0x38f7ccc4 start_wqthread + 8

Thread 15:
0   libsystem_kernel.dylib               0x38f18c7c __workq_kernreturn + 8
1   libsystem_pthread.dylib              0x38f7ccc4 start_wqthread + 8

Thread 16:
0   libsystem_kernel.dylib               0x38f18c7c __workq_kernreturn + 8
1   libsystem_pthread.dylib              0x38f7ccc4 start_wqthread + 8

Thread 0 crashed with ARM Thread State:
    pc: 0x2ecdfe66     r7: 0x27d56588     sp: 0x27d56558     r0: 0x155f1980 
    r1: 0x27d56558     r2: 0x00000001     r3: 0x00000000     r4: 0x1579eb88 
    r5: 0x155f0b80     r6: 0x2ecdfe5d     r8: 0x27d56558     r9: 0x15b82880 
   r10: 0x15612d90    r11: 0x00000004     ip: 0x39185964     lr: 0x2ecdfde5 
  cpsr: 0x40000030 

Link Register Analysis:
  Symbol: TFont::GetUnderlineThickness() const + 38
  Description: We have determined that the link register (lr) is very likely to contain the return address of frame #0's calling function, and have inserted it into the crashing thread's backtrace as frame #1 to aid in analysis. This determination was made by applying a heuristic to determine whether the crashing function was likely to have created a new stack frame at the time of the crash.
  Type: 1

Binary Images:
   0xa8000 -   0x35ffff +Tumblr armv7s  <9f176d2d28a23a14ae97b29e89659e96> /Users/USER/Tumblr.app/Tumblr
0x2d344000 - 0x2d42dfff  RawCamera armv7s  <bf399f99756e3fa992c2c0d7f2eb0049> /System/Library/CoreServices/RawCamera.bundle/RawCamera
0x2d497000 - 0x2d598fff  AVFoundation armv7s  <759b362f09e53f37a2ec82372a95d1de> /System/Library/Frameworks/AVFoundation.framework/AVFoundation
0x2d599000 - 0x2d5c1fff  libAVFAudio.dylib armv7s  <0925efab4dd338e382aa5b10cdbed33f> /System/Library/Frameworks/AVFoundation.framework/libAVFAudio.dylib
0x2d5c2000 - 0x2d5c2fff  Accelerate armv7s  <9340338f3cdf347abe4a88c2f59b5b12> /System/Library/Frameworks/Accelerate.framework/Accelerate
0x2d5c3000 - 0x2d5cbfff  libCGInterfaces.dylib armv7s  <9b03896ead3c32c2bcea906d58ecc9ec> /System/Library/Frameworks/Accelerate.framework/Frameworks/vImage.framework/Resources/libCGInterfaces.dylib
0x2d5cc000 - 0x2d799fff  vImage armv7s  <479b5c4701833284ab587a1d2fdb5627> /System/Library/Frameworks/Accelerate.framework/Frameworks/vImage.framework/vImage
0x2d79a000 - 0x2d87cfff  libBLAS.dylib armv7s  <da4fa367557d3028b02458e2cdf6d84d> /System/Library/Frameworks/Accelerate.framework/Frameworks/vecLib.framework/libBLAS.dylib
0x2d87d000 - 0x2db38fff  libLAPACK.dylib armv7s  <066ea8372dd23f6d89011f9a4a872d6f> /System/Library/Frameworks/Accelerate.framework/Frameworks/vecLib.framework/libLAPACK.dylib
0x2db39000 - 0x2dba7fff  libvDSP.dylib armv7s  <a5dcfe68199839b989c7be120c14ccb4> /System/Library/Frameworks/Accelerate.framework/Frameworks/vecLib.framework/libvDSP.dylib
0x2dba8000 - 0x2dbbafff  libvMisc.dylib armv7s  <ea636bbda5ee33119a4e731aed02fa31> /System/Library/Frameworks/Accelerate.framework/Frameworks/vecLib.framework/libvMisc.dylib
0x2dbbb000 - 0x2dbbbfff  vecLib armv7s  <663aefa25bc5367baa72ca144ac26d18> /System/Library/Frameworks/Accelerate.framework/Frameworks/vecLib.framework/vecLib
0x2dbbc000 - 0x2dbdbfff  Accounts armv7s  <811f7e5dcd353c57af6d6de859848774> /System/Library/Frameworks/Accounts.framework/Accounts
0x2dbdc000 - 0x2dbdcfff  AdSupport armv7s  <fa30d96d0a333568826efd5aad83097a> /System/Library/Frameworks/AdSupport.framework/AdSupport
0x2dbdd000 - 0x2dc42fff  AddressBook armv7s  <cc733c2c249e3161a9af19a44aeb1577> /System/Library/Frameworks/AddressBook.framework/AddressBook
0x2dc43000 - 0x2dd54fff  AddressBookUI armv7s  <8f681556d73d3ee5b9bfead2a124927c> /System/Library/Frameworks/AddressBookUI.framework/AddressBookUI
0x2dd55000 - 0x2dd66fff  AssetsLibrary armv7s  <4c426c7f5e3930f0bd01d3e1f17f0392> /System/Library/Frameworks/AssetsLibrary.framework/AssetsLibrary
0x2deab000 - 0x2e1c7fff  AudioToolbox armv7s  <f49f28790aa036c08e5573071a7e2870> /System/Library/Frameworks/AudioToolbox.framework/AudioToolbox
0x2e1c8000 - 0x2e2cdfff  CFNetwork armv7s  <36562cff956f38a09956da9218198ccf> /System/Library/Frameworks/CFNetwork.framework/CFNetwork
0x2e2ce000 - 0x2e329fff  CoreAudio armv7s  <34f47ad0c4d530249298888a1217316f> /System/Library/Frameworks/CoreAudio.framework/CoreAudio
0x2e32a000 - 0x2e340fff  CoreBluetooth armv7s  <0211d5169d0d3838a9cbb9dd5086a312> /System/Library/Frameworks/CoreBluetooth.framework/CoreBluetooth
0x2e341000 - 0x2e532fff  CoreData armv7s  <4ed490c5fd693fefac89d75a47eab553> /System/Library/Frameworks/CoreData.framework/CoreData
0x2e533000 - 0x2e676fff  CoreFoundation armv7s  <37c6b3b7abca3774bec8fecf79f07013> /System/Library/Frameworks/CoreFoundation.framework/CoreFoundation
0x2e677000 - 0x2e79bfff  CoreGraphics armv7s  <e13cbd4115dc3113b875de88b92744f8> /System/Library/Frameworks/CoreGraphics.framework/CoreGraphics
0x2e79d000 - 0x2e7d8fff  libCGFreetype.A.dylib armv7s  <4be02e4373903a7d8295e4e0859326ab> /System/Library/Frameworks/CoreGraphics.framework/Resources/libCGFreetype.A.dylib
0x2e7da000 - 0x2e7e4fff  libCMSBuiltin.A.dylib armv7s  <23411d17163a35269e923c9d1a21f1b6> /System/Library/Frameworks/CoreGraphics.framework/Resources/libCMSBuiltin.A.dylib
0x2e9c9000 - 0x2e9e3fff  libRIP.A.dylib armv7s  <40d9d1ad277338ac900b7d97b26c6575> /System/Library/Frameworks/CoreGraphics.framework/Resources/libRIP.A.dylib
0x2e9e4000 - 0x2eabcfff  CoreImage armv7s  <5cb9106c864730e8b36ba1f7f14d9c7f> /System/Library/Frameworks/CoreImage.framework/CoreImage
0x2eabd000 - 0x2eb0afff  CoreLocation armv7s  <bc1a8b9c9f5d3b9db79e345d4c3a361a> /System/Library/Frameworks/CoreLocation.framework/CoreLocation
0x2eb42000 - 0x2ebb9fff  CoreMedia armv7s  <7a5f55d144f73dc594127c6469e49587> /System/Library/Frameworks/CoreMedia.framework/CoreMedia
0x2ebba000 - 0x2ec62fff  CoreMotion armv7s  <ee2294341f253fefba6317b85a34eef6> /System/Library/Frameworks/CoreMotion.framework/CoreMotion
0x2ec63000 - 0x2ecbbfff  CoreTelephony armv7s  <8e3ecc13fe8c367fb19a442197fc04f2> /System/Library/Frameworks/CoreTelephony.framework/CoreTelephony
0x2ecbc000 - 0x2ed4bfff  CoreText armv7s  <7eaf2f4eaadf382daff13c72e6f1f3b6> /System/Library/Frameworks/CoreText.framework/CoreText
0x2ed4c000 - 0x2ed5bfff  CoreVideo armv7s  <cff4151001e439739cf0cc00e83bc254> /System/Library/Frameworks/CoreVideo.framework/CoreVideo
0x2ed5c000 - 0x2ee1afff  EventKit armv7s  <7bd8adb87a313533958c9c56ff251fe8> /System/Library/Frameworks/EventKit.framework/EventKit
0x2ef1e000 - 0x2f108fff  Foundation armv7s  <19e2d0f6233d3765adecfb5ba59d9b7e> /System/Library/Frameworks/Foundation.framework/Foundation
0x2f109000 - 0x2f133fff  GLKit armv7s  <7b7dcca6ac763977a541c749928b6612> /System/Library/Frameworks/GLKit.framework/GLKit
0x2f2e6000 - 0x2f33cfff  IOKit armv7s  <2c6e904057f13394b4008615454063b7> /System/Library/Frameworks/IOKit.framework/Versions/A/IOKit
0x2f33d000 - 0x2f54dfff  ImageIO armv7s  <a913973d7cc33c0fb4cfdb479caccb66> /System/Library/Frameworks/ImageIO.framework/ImageIO
0x2f54e000 - 0x2f796fff  JavaScriptCore armv7s  <54f2231ea9e43666befddcdc18a910eb> /System/Library/Frameworks/JavaScriptCore.framework/JavaScriptCore
0x2f83b000 - 0x2f83ffff  MediaAccessibility armv7s  <6b18e226cdae3e4dbfb3b6b826e26f8f> /System/Library/Frameworks/MediaAccessibility.framework/MediaAccessibility
0x2f840000 - 0x2fa25fff  MediaPlayer armv7s  <00c5c4487727301f93968f4861ed71f7> /System/Library/Frameworks/MediaPlayer.framework/MediaPlayer
0x2fa26000 - 0x2fcdffff  MediaToolbox armv7s  <80730d8eae0338d0a992404f584240bf> /System/Library/Frameworks/MediaToolbox.framework/MediaToolbox
0x2fce0000 - 0x2fd7bfff  MessageUI armv7s  <59211a0f56ac39a79543d01429ea88e2> /System/Library/Frameworks/MessageUI.framework/MessageUI
0x2fd7c000 - 0x2fddffff  MobileCoreServices armv7s  <4e4cc0e2dc763d5f8f9c5ed5cbc704fb> /System/Library/Frameworks/MobileCoreServices.framework/MobileCoreServices
0x30813000 - 0x3081bfff  OpenGLES armv7s  <cba26f9f5c9134c98bfc1b2953bf8b66> /System/Library/Frameworks/OpenGLES.framework/OpenGLES
0x3081d000 - 0x3081dfff  libCVMSPluginSupport.dylib armv7s  <5c255052c907399eb0201ea98dd2855a> /System/Library/Frameworks/OpenGLES.framework/libCVMSPluginSupport.dylib
0x30821000 - 0x30824fff  libCoreVMClient.dylib armv7s  <0a471be053a43e1ca78e79defaa47ad1> /System/Library/Frameworks/OpenGLES.framework/libCoreVMClient.dylib
0x30825000 - 0x3082cfff  libGFXShared.dylib armv7s  <61521d6895eb360b9587478aa39a149d> /System/Library/Frameworks/OpenGLES.framework/libGFXShared.dylib
0x3082d000 - 0x3086dfff  libGLImage.dylib armv7s  <cd3aca6ff56c330ab7032d420e0017ca> /System/Library/Frameworks/OpenGLES.framework/libGLImage.dylib
0x30a06000 - 0x30b4bfff  QuartzCore armv7s  <723bf8706f6f3fe28a714ed9466c54aa> /System/Library/Frameworks/QuartzCore.framework/QuartzCore
0x30b4c000 - 0x30ba2fff  QuickLook armv7s  <68ed4805c8b536109fcc1683e01bb5a6> /System/Library/Frameworks/QuickLook.framework/QuickLook
0x30ba5000 - 0x30be6fff  Security armv7s  <91812425bce038bf9c835977a27ebdf6> /System/Library/Frameworks/Security.framework/Security
0x30be7000 - 0x30c5bfff  Social armv7s  <0c4738b6b6d93cdea2f13b3954a5c97b> /System/Library/Frameworks/Social.framework/Social
0x30d1b000 - 0x30d2efff  StoreKit armv7s  <8ea275c5fb683ff39aecb0bbf2e3ca77> /System/Library/Frameworks/StoreKit.framework/StoreKit
0x30d2f000 - 0x30d7efff  SystemConfiguration armv7s  <ee18863e6fb3310b8f9dbca4f6ba6483> /System/Library/Frameworks/SystemConfiguration.framework/SystemConfiguration
0x30d7f000 - 0x30d80fff  Twitter armv7s  <ba1eb3eb55b03e6999c273f46f117759> /System/Library/Frameworks/Twitter.framework/Twitter
0x30d81000 - 0x314a2fff  UIKit armv7s  <baf6a06bf43d38b6a5cd265571b38343> /System/Library/Frameworks/UIKit.framework/UIKit
0x314a3000 - 0x314f1fff  VideoToolbox armv7s  <d492aa96c2943eac8778e41f740527aa> /System/Library/Frameworks/VideoToolbox.framework/VideoToolbox
0x3175f000 - 0x31768fff  AOSNotification armv7s  <e046709c9dcf397baf74853c24016e3d> /System/Library/PrivateFrameworks/AOSNotification.framework/AOSNotification
0x3188a000 - 0x3188efff  AggregateDictionary armv7s  <d271b13eb5c03c8dacb154bb867e39f7> /System/Library/PrivateFrameworks/AggregateDictionary.framework/AggregateDictionary
0x31a8c000 - 0x31aa0fff  AirTraffic armv7s  <802751bb2f21301aaa846b7af966a257> /System/Library/PrivateFrameworks/AirTraffic.framework/AirTraffic
0x31e11000 - 0x31e4efff  AppSupport armv7s  <f085b254be9c37d8ac8529e677ec6f73> /System/Library/PrivateFrameworks/AppSupport.framework/AppSupport
0x31e4f000 - 0x31e86fff  AppleAccount armv7s  <2c7dff573d623d5fad64d1218a6d3d45> /System/Library/PrivateFrameworks/AppleAccount.framework/AppleAccount
0x31f26000 - 0x31f36fff  ApplePushService armv7s  <f773ba9a776e3551b2ff49f656afc9ec> /System/Library/PrivateFrameworks/ApplePushService.framework/ApplePushService
0x31f6e000 - 0x31f7bfff  AssetsLibraryServices armv7s  <b1da50d989d83bc58e0a932471d82c1d> /System/Library/PrivateFrameworks/AssetsLibraryServices.framework/AssetsLibraryServices
0x31f7c000 - 0x31f97fff  AssistantServices armv7s  <08e48b48a3f8360fa244cd195b246d97> /System/Library/PrivateFrameworks/AssistantServices.framework/AssistantServices
0x31fb8000 - 0x31fbbfff  BTLEAudioController armv7s  <616f9b31be713911a95796404a700035> /System/Library/PrivateFrameworks/BTLEAudioController.framework/BTLEAudioController
0x31fbc000 - 0x31fdffff  BackBoardServices armv7s  <851e6a2fca27396a901cadb1dd564305> /System/Library/PrivateFrameworks/BackBoardServices.framework/BackBoardServices
0x31fe2000 - 0x31fe7fff  BluetoothManager armv7s  <c3ed062e34c03ec299d5779a97d2df24> /System/Library/PrivateFrameworks/BluetoothManager.framework/BluetoothManager
0x31fe8000 - 0x3200cfff  Bom armv7s  <f94bbc499d1a3c13a96614a0dc2a8e62> /System/Library/PrivateFrameworks/Bom.framework/Bom
0x3201f000 - 0x32067fff  BulletinBoard armv7s  <8f36dc0cc40a352e8734c81f6a4eccf2> /System/Library/PrivateFrameworks/BulletinBoard.framework/BulletinBoard
0x320ab000 - 0x320b3fff  CaptiveNetwork armv7s  <d1b431c5e918342b95e6f89cae386684> /System/Library/PrivateFrameworks/CaptiveNetwork.framework/CaptiveNetwork
0x320b4000 - 0x3218efff  Celestial armv7s  <e21cabfecf2d32c6a1bb6dc116b23481> /System/Library/PrivateFrameworks/Celestial.framework/Celestial
0x3219b000 - 0x321a0fff  CertUI armv7s  <da95bee5fff13f049a1d5ca4c137f6e6> /System/Library/PrivateFrameworks/CertUI.framework/CertUI
0x32269000 - 0x32289fff  ChunkingLibrary armv7s  <9c0f1f682d4f38e5904eb1309f522e53> /System/Library/PrivateFrameworks/ChunkingLibrary.framework/ChunkingLibrary
0x32292000 - 0x322d6fff  ColorSync armv7s  <5fe3dc1b7f12349bbef80970670cba28> /System/Library/PrivateFrameworks/ColorSync.framework/ColorSync
0x322da000 - 0x322e5fff  CommonUtilities armv7s  <38e170cdcb583bc7b0918a9fd2d56189> /System/Library/PrivateFrameworks/CommonUtilities.framework/CommonUtilities
0x322e6000 - 0x322eafff  CommunicationsFilter armv7s  <aa60717294d63ce8b3d6ce3e62350308> /System/Library/PrivateFrameworks/CommunicationsFilter.framework/CommunicationsFilter
0x32381000 - 0x323b1fff  ContentIndex armv7s  <5022d05f42f33597847379f7669774b4> /System/Library/PrivateFrameworks/ContentIndex.framework/ContentIndex
0x323b2000 - 0x323b4fff  CoreAUC armv7s  <be171f81db453c5680ee38b862362f83> /System/Library/PrivateFrameworks/CoreAUC.framework/CoreAUC
0x323c1000 - 0x32415fff  CoreDAV armv7s  <096f501a43b23126bccb0154954e66da> /System/Library/PrivateFrameworks/CoreDAV.framework/CoreDAV
0x32456000 - 0x32554fff  CoreMediaStream armv7s  <444e19f3c43d32aaaad0f4050a876844> /System/Library/PrivateFrameworks/CoreMediaStream.framework/CoreMediaStream
0x325ee000 - 0x325f8fff  CoreRecents armv7s  <42095bc33bc8335a9398ff3cef2d3340> /System/Library/PrivateFrameworks/CoreRecents.framework/CoreRecents
0x32646000 - 0x32664fff  CoreServicesInternal armv7s  <9c1c34613680340cb8b7ee3b8f12a08f> /System/Library/PrivateFrameworks/CoreServicesInternal.framework/CoreServicesInternal
0x32665000 - 0x32666fff  CoreSurface armv7s  <c9312d9c3c473019835a71b356145c9a> /System/Library/PrivateFrameworks/CoreSurface.framework/CoreSurface
0x32708000 - 0x3270cfff  CoreTime armv7s  <2571d3d4300733e8965903ad4b55aac0> /System/Library/PrivateFrameworks/CoreTime.framework/CoreTime
0x3270d000 - 0x32767fff  CoreUI armv7s  <40d696324564353e981f4f8ba480586f> /System/Library/PrivateFrameworks/CoreUI.framework/CoreUI
0x32768000 - 0x327b5fff  CoreUtils armv7s  <d07e0341714e369fba980e2e16702831> /System/Library/PrivateFrameworks/CoreUtils.framework/CoreUtils
0x327b6000 - 0x327bbfff  CrashReporterSupport armv7s  <bc6c1698be993d0b9be9016cf2a89a8a> /System/Library/PrivateFrameworks/CrashReporterSupport.framework/CrashReporterSupport
0x327bc000 - 0x327f2fff  DataAccess armv7s  <c5260f7d4eac39f88bdcf08e06e8646c> /System/Library/PrivateFrameworks/DataAccess.framework/DataAccess
0x32984000 - 0x32999fff  DataAccessExpress armv7s  <16e4c6b2b55e3644b4bcc9ef328153a8> /System/Library/PrivateFrameworks/DataAccessExpress.framework/DataAccessExpress
0x329a3000 - 0x329b9fff  DataDetectorsCore armv7s  <fb76f79902b9331ca68166b93935564e> /System/Library/PrivateFrameworks/DataDetectorsCore.framework/DataDetectorsCore
0x329bb000 - 0x329d3fff  DataDetectorsUI armv7s  <99d0ac88d77937248b0b339ebdc41dc9> /System/Library/PrivateFrameworks/DataDetectorsUI.framework/DataDetectorsUI
0x329d4000 - 0x329d7fff  DataMigration armv7s  <167a3e3059a4355ab50f4b6f6cfa06a3> /System/Library/PrivateFrameworks/DataMigration.framework/DataMigration
0x329dc000 - 0x329ddfff  DiagnosticLogCollection armv7s  <bd1b516e30aa337b92cb086936b93d6a> /System/Library/PrivateFrameworks/DiagnosticLogCollection.framework/DiagnosticLogCollection
0x329de000 - 0x329f8fff  DictionaryServices armv7s  <f74a317e4672339babc6103959df3472> /System/Library/PrivateFrameworks/DictionaryServices.framework/DictionaryServices
0x32a14000 - 0x32a31fff  EAP8021X armv7s  <460bfb71241d33ea9d9e191ec0cb69c7> /System/Library/PrivateFrameworks/EAP8021X.framework/EAP8021X
0x32a3a000 - 0x32a45fff  ExFAT armv7s  <0f2de9eb7f6139de8a51ba3eccbec8d2> /System/Library/PrivateFrameworks/ExFAT.framework/ExFAT
0x32a46000 - 0x32a56fff  FTAWD armv7s  <b296410b745f3bd1a66b3339bd067dbc> /System/Library/PrivateFrameworks/FTAWD.framework/FTAWD
0x32a57000 - 0x32a59fff  FTClientServices armv7s  <dc622c6e65533d199f7b20494596c202> /System/Library/PrivateFrameworks/FTClientServices.framework/FTClientServices
0x32a5a000 - 0x32a83fff  FTServices armv7s  <e1835ecd46eb3fc8945374ba7d5997aa> /System/Library/PrivateFrameworks/FTServices.framework/FTServices
0x32a84000 - 0x32e9ffff  FaceCore armv7s  <e767863dac8a3d798877de0a07624ba9> /System/Library/PrivateFrameworks/FaceCore.framework/FaceCore
0x330c2000 - 0x330cefff  GenerationalStorage armv7s  <02b0c943f582373cbca3c0881d9b172c> /System/Library/PrivateFrameworks/GenerationalStorage.framework/GenerationalStorage
0x330cf000 - 0x33267fff  GeoServices armv7s  <84b62d5c98ac3914bf90cb356d0fe875> /System/Library/PrivateFrameworks/GeoServices.framework/GeoServices
0x33268000 - 0x33276fff  GraphicsServices armv7s  <963e9b456da7301cb752303a69f27d10> /System/Library/PrivateFrameworks/GraphicsServices.framework/GraphicsServices
0x33305000 - 0x3338bfff  HomeSharing armv7s  <deb893f5c4d93457aae2a2da054dbd35> /System/Library/PrivateFrameworks/HomeSharing.framework/HomeSharing
0x3338c000 - 0x33398fff  IAP armv7s  <45b9fd8abac334e7adc617a75acbedb3> /System/Library/PrivateFrameworks/IAP.framework/IAP
0x333fe000 - 0x33432fff  IDS armv7s  <b0e8f70f8cc135d3a964e505323c8481> /System/Library/PrivateFrameworks/IDS.framework/IDS
0x3349f000 - 0x334b0fff  IDSFoundation armv7s  <4802c0e94fa2345195b318824bf0fbae> /System/Library/PrivateFrameworks/IDSFoundation.framework/IDSFoundation
0x334b1000 - 0x33515fff  IMAVCore armv7s  <c6fdd7cf8e6b34e298eadaea859e47ba> /System/Library/PrivateFrameworks/IMAVCore.framework/IMAVCore
0x33516000 - 0x335a2fff  IMCore armv7s  <dafc2e13a75630178d29cbef36104aa3> /System/Library/PrivateFrameworks/IMCore.framework/IMCore
0x33622000 - 0x3367cfff  IMFoundation armv7s  <2e56e96350c733ed8fc9eb2dc065d718> /System/Library/PrivateFrameworks/IMFoundation.framework/IMFoundation
0x33686000 - 0x3368dfff  IOMobileFramebuffer armv7s  <c66dabcbbc533cfd9b28f2544b71b8cd> /System/Library/PrivateFrameworks/IOMobileFramebuffer.framework/IOMobileFramebuffer
0x3368e000 - 0x33693fff  IOSurface armv7s  <c734ca27e347327ba351c6c6deab91f7> /System/Library/PrivateFrameworks/IOSurface.framework/IOSurface
0x336e0000 - 0x336e5fff  IncomingCallFilter armv7s  <8005f7c5feec39ae8a789d8e4fb5e537> /System/Library/PrivateFrameworks/IncomingCallFilter.framework/IncomingCallFilter
0x33705000 - 0x33711fff  Librarian armv7s  <83cb00b6af823b69b66fef04a2b921bb> /System/Library/PrivateFrameworks/Librarian.framework/Librarian
0x33712000 - 0x3374bfff  MIME armv7s  <95be12e7eeb63d12a06c3726fa32bc60> /System/Library/PrivateFrameworks/MIME.framework/MIME
0x3374c000 - 0x33789fff  MMCS armv7s  <a7bee5263b62370c82ac8a8125f8bc18> /System/Library/PrivateFrameworks/MMCS.framework/MMCS
0x33792000 - 0x3379dfff  MailServices armv7s  <e89b7abc027c3994b956836330d4e709> /System/Library/PrivateFrameworks/MailServices.framework/MailServices
0x337d1000 - 0x3384afff  ManagedConfiguration armv7s  <bfa7a99d236d3196b7adc1d9fda6c48e> /System/Library/PrivateFrameworks/ManagedConfiguration.framework/ManagedConfiguration
0x3384b000 - 0x3384cfff  Marco armv7s  <b76d261fa68b3008bf161559012e8a9a> /System/Library/PrivateFrameworks/Marco.framework/Marco
0x3384d000 - 0x338c5fff  MediaControlSender armv7s  <ff3941956263313fbba34757305dbcb0> /System/Library/PrivateFrameworks/MediaControlSender.framework/MediaControlSender
0x338fd000 - 0x33907fff  MediaRemote armv7s  <5f6dc798e39b32c1ab4cf554668ce7ea> /System/Library/PrivateFrameworks/MediaRemote.framework/MediaRemote
0x33908000 - 0x33920fff  MediaStream armv7s  <20fb650d829f321ea9a9a1f48789015e> /System/Library/PrivateFrameworks/MediaStream.framework/MediaStream
0x33985000 - 0x33a57fff  Message armv7s  <27616c0cfe2c37abb470339564f221f8> /System/Library/PrivateFrameworks/Message.framework/Message
0x33a5c000 - 0x33a5efff  MessageSupport armv7s  <d23da1866a543eec82065617c4bccad2> /System/Library/PrivateFrameworks/MessageSupport.framework/MessageSupport
0x33a6a000 - 0x33a75fff  MobileAsset armv7s  <5129443f89f937238576308808e62124> /System/Library/PrivateFrameworks/MobileAsset.framework/MobileAsset
0x33a99000 - 0x33aa1fff  MobileBluetooth armv7s  <4d8e6011aca13a058fe6a7988ab3e1d4> /System/Library/PrivateFrameworks/MobileBluetooth.framework/MobileBluetooth
0x33abc000 - 0x33abffff  MobileInstallation armv7s  <a81c3c35bce5399d9f1308ff85aeaa73> /System/Library/PrivateFrameworks/MobileInstallation.framework/MobileInstallation
0x33ac0000 - 0x33ac8fff  MobileKeyBag armv7s  <6a7ed5c70f603339bb2b7fe8d3446d0c> /System/Library/PrivateFrameworks/MobileKeyBag.framework/MobileKeyBag
0x33af0000 - 0x33af3fff  MobileSystemServices armv7s  <708039aee4ec32899e4bbf817407798f> /System/Library/PrivateFrameworks/MobileSystemServices.framework/MobileSystemServices
0x33b12000 - 0x33b1dfff  MobileWiFi armv7s  <59c298c093e63ac8ade746aa2ad0fe44> /System/Library/PrivateFrameworks/MobileWiFi.framework/MobileWiFi
0x33b54000 - 0x33cd7fff  MusicLibrary armv7s  <d32405f16040365e9fa95fc9c38d9014> /System/Library/PrivateFrameworks/MusicLibrary.framework/MusicLibrary
0x33d8c000 - 0x33d91fff  Netrb armv7s  <d5383e33b9c33ce39ed248c251c65848> /System/Library/PrivateFrameworks/Netrb.framework/Netrb
0x33d92000 - 0x33d97fff  NetworkStatistics armv7s  <28a54cc525333d80a2d0e882a8e63243> /System/Library/PrivateFrameworks/NetworkStatistics.framework/NetworkStatistics
0x33d98000 - 0x33db5fff  Notes armv7s  <edd5bd4898d23bb7bb64c93c41a36ec4> /System/Library/PrivateFrameworks/Notes.framework/Notes
0x33db6000 - 0x33db8fff  OAuth armv7s  <4726833fd7d9357a8bbdd3487dcfa9c9> /System/Library/PrivateFrameworks/OAuth.framework/OAuth
0x34510000 - 0x3454bfff  OpenCL armv7s  <d7ea5f75fc103fe28436f1180ffa98a6> /System/Library/PrivateFrameworks/OpenCL.framework/OpenCL
0x34af1000 - 0x34b17fff  PersistentConnection armv7s  <1137f9d6610337be8d208465d7caea23> /System/Library/PrivateFrameworks/PersistentConnection.framework/PersistentConnection
0x34c7b000 - 0x34df3fff  PhotoLibraryServices armv7s  <bb5b6bdd49e636fbbeac1e8fad45a41c> /System/Library/PrivateFrameworks/PhotoLibraryServices.framework/PhotoLibraryServices
0x34f32000 - 0x34f5ffff  PhysicsKit armv7s  <8fa2fcdc554d387fa59ea688840048d0> /System/Library/PrivateFrameworks/PhysicsKit.framework/PhysicsKit
0x34f60000 - 0x34f63fff  PowerLog armv7s  <fd8a01d8756038d786cecf1bb73d8881> /System/Library/PrivateFrameworks/PowerLog.framework/PowerLog
0x3504e000 - 0x35085fff  PrintKit armv7s  <6bc12fe7b63739e79d7dba91a4f2560c> /System/Library/PrivateFrameworks/PrintKit.framework/PrintKit
0x35089000 - 0x35110fff  ProofReader armv7s  <fb8e397448fe3cf7b6559afd96572cb2> /System/Library/PrivateFrameworks/ProofReader.framework/ProofReader
0x35111000 - 0x3511bfff  ProtocolBuffer armv7s  <5b4e6b3fda35338582564205c2124948> /System/Library/PrivateFrameworks/ProtocolBuffer.framework/ProtocolBuffer
0x3511c000 - 0x3514cfff  PrototypeTools armv7s  <20f984d5c691322792685361651c3ab0> /System/Library/PrivateFrameworks/PrototypeTools.framework/PrototypeTools
0x3514d000 - 0x351c1fff  Quagga armv7s  <f8c175157b1f3e598ea6036cb4e0fd97> /System/Library/PrivateFrameworks/Quagga.framework/Quagga
0x351c2000 - 0x35262fff  Radio armv7s  <38a2966e2ae4324681fbbfc0b8ee7af4> /System/Library/PrivateFrameworks/Radio.framework/Radio
0x352ec000 - 0x3536cfff  SAObjects armv7s  <4e06485d6c523afba3f2ffdb43ccff75> /System/Library/PrivateFrameworks/SAObjects.framework/SAObjects
0x3546d000 - 0x35495fff  SpringBoardFoundation armv7s  <5cf83a537bea3247a2ebb5a2e73a1ef7> /System/Library/PrivateFrameworks/SpringBoardFoundation.framework/SpringBoardFoundation
0x35496000 - 0x354aafff  SpringBoardServices armv7s  <07b50ddb252a3670ae27c994e345d32d> /System/Library/PrivateFrameworks/SpringBoardServices.framework/SpringBoardServices
0x354ab000 - 0x354c4fff  SpringBoardUI armv7s  <6129f1073a913c30a4ffb1d88de9ef07> /System/Library/PrivateFrameworks/SpringBoardUI.framework/SpringBoardUI
0x354c5000 - 0x354dcfff  SpringBoardUIServices armv7s  <061ba80c86f031ce99271a2f6b5b6a69> /System/Library/PrivateFrameworks/SpringBoardUIServices.framework/SpringBoardUIServices
0x356c1000 - 0x357d9fff  StoreServices armv7s  <64f930de40553f1b941468839bb35795> /System/Library/PrivateFrameworks/StoreServices.framework/StoreServices
0x357da000 - 0x357e9fff  StreamingZip armv7s  <51f10d7de8d33ac5af35f1dfdbe3be42> /System/Library/PrivateFrameworks/StreamingZip.framework/StreamingZip
0x3587a000 - 0x3587ffff  SymptomReporter armv7s  <962c25cd7a5037b2ac1d7fc41c904b80> /System/Library/PrivateFrameworks/Symptoms.framework/Frameworks/SymptomReporter.framework/SymptomReporter
0x35888000 - 0x3588afff  TCC armv7s  <b14719f4f9213db6bf035e9dd349691c> /System/Library/PrivateFrameworks/TCC.framework/TCC
0x3588b000 - 0x358d3fff  TelephonyUI armv7s  <e1c65c22bf4e35da8f15c332dce09ed8> /System/Library/PrivateFrameworks/TelephonyUI.framework/TelephonyUI
0x358d4000 - 0x358f5fff  TelephonyUtilities armv7s  <452c156104483fc3aea85ebaf9f5c734> /System/Library/PrivateFrameworks/TelephonyUtilities.framework/TelephonyUtilities
0x358f6000 - 0x35c67fff  KBLayouts_iPhone.dylib armv7s  <2e559cb35cd13b5494b6cb396da52764> /System/Library/PrivateFrameworks/TextInput.framework/KBLayouts_iPhone.dylib
0x35c68000 - 0x35c8cfff  TextInput armv7s  <abdd894319ef3742b7d8c75764e2279c> /System/Library/PrivateFrameworks/TextInput.framework/TextInput
0x35e84000 - 0x35e99fff  ToneLibrary armv7s  <8e172e07ec7f3f2b86c20ee6fa3698cb> /System/Library/PrivateFrameworks/ToneLibrary.framework/ToneLibrary
0x35ee7000 - 0x35fa7fff  UIFoundation armv7s  <b4d1d18af2023e42b8bc5bf94e134dd1> /System/Library/PrivateFrameworks/UIFoundation.framework/UIFoundation
0x35fa8000 - 0x35fbefff  Ubiquity armv7s  <b898e996d6d637b38398e5345c0bb7d4> /System/Library/PrivateFrameworks/Ubiquity.framework/Ubiquity
0x35fbf000 - 0x35fc2fff  UserFS armv7s  <8cadaf260e5c331a98f0cbc94efbc6a6> /System/Library/PrivateFrameworks/UserFS.framework/UserFS
0x363c7000 - 0x363e4fff  VoiceServices armv7s  <fcde59b5b6f43dd7b5b1b79b29a7b75f> /System/Library/PrivateFrameworks/VoiceServices.framework/VoiceServices
0x36407000 - 0x3642cfff  WebBookmarks armv7s  <4d200a2b0c84314f91326a90d439470c> /System/Library/PrivateFrameworks/WebBookmarks.framework/WebBookmarks
0x36442000 - 0x36ef0fff  WebCore armv7s  <7df88f9af79231758f97431994ad6be8> /System/Library/PrivateFrameworks/WebCore.framework/WebCore
0x36ef1000 - 0x36fb1fff  WebKit armv7s  <2d9a513d87bd3c2d8de0098df694485c> /System/Library/PrivateFrameworks/WebKit.framework/WebKit
0x370f1000 - 0x370f7fff  XPCKit armv7s  <b8f2a05eb58a3ea9ad4ec860abebacf9> /System/Library/PrivateFrameworks/XPCKit.framework/XPCKit
0x370f8000 - 0x37100fff  XPCObjects armv7s  <e7759ab9bb643390af3c2ac7ad96619d> /System/Library/PrivateFrameworks/XPCObjects.framework/XPCObjects
0x372a4000 - 0x372c7fff  iCalendar armv7s  <25c772fc08cd33528e38dc8f845d53c4> /System/Library/PrivateFrameworks/iCalendar.framework/iCalendar
0x372cc000 - 0x3730dfff  iTunesStore armv7s  <889c8d35142a3839b8f9f6fff0c28c42> /System/Library/PrivateFrameworks/iTunesStore.framework/iTunesStore
0x37e72000 - 0x37e79fff  libAccessibility.dylib armv7s  <652dee07b3fe371fb8230aee2c9537b4> /usr/lib/libAccessibility.dylib
0x38072000 - 0x38088fff  libCRFSuite.dylib armv7s  <06362cba96bf3a679a91d40f125057cc> /usr/lib/libCRFSuite.dylib
0x3809c000 - 0x3809dfff  libMobileCheckpoint.dylib armv7s  <fee8931f425f38af8fbde0388890ec52> /usr/lib/libMobileCheckpoint.dylib
0x3809e000 - 0x380b3fff  libMobileGestalt.dylib armv7s  <7abc89974a6d36558d5efa60184e43c2> /usr/lib/libMobileGestalt.dylib
0x380d1000 - 0x380d2fff  libSystem.B.dylib armv7s  <dba6762caa053e59abb31469e9b41f4b> /usr/lib/libSystem.B.dylib
0x3813d000 - 0x38169fff  libTelephonyUtilDynamic.dylib armv7s  <56f4820a03da3b71bc7ea2114e81060d> /usr/lib/libTelephonyUtilDynamic.dylib
0x382b3000 - 0x382bffff  libbsm.0.dylib armv7s  <34a4b8ea80e4390ab8a146e0de95b6b1> /usr/lib/libbsm.0.dylib
0x382c0000 - 0x382cafff  libbz2.1.0.dylib armv7s  <b246a3f7a5243be189afe4f7582042fa> /usr/lib/libbz2.1.0.dylib
0x382cb000 - 0x38316fff  libc++.1.dylib armv7s  <18b3a243f7923c39951c97ab416ed3e6> /usr/lib/libc++.1.dylib
0x38317000 - 0x38331fff  libc++abi.dylib armv7s  <2e20d75c97d339a297a21de19c6a6d4b> /usr/lib/libc++abi.dylib
0x38341000 - 0x38348fff  libcupolicy.dylib armv7s  <e5343c985a9135f6a2e00eff83367fa7> /usr/lib/libcupolicy.dylib
0x38375000 - 0x38378fff  libgermantok.dylib armv7s  <735f5cafbe403fbe96f3ce1f8b7079d0> /usr/lib/libgermantok.dylib
0x3838f000 - 0x3847cfff  libiconv.2.dylib armv7s  <ff50709f8e04318da55e13c9096bba03> /usr/lib/libiconv.2.dylib
0x3847d000 - 0x385cefff  libicucore.A.dylib armv7s  <719aeeaa9cc7301e8eb9117644f94b38> /usr/lib/libicucore.A.dylib
0x385d6000 - 0x385d6fff  liblangid.dylib armv7s  <9babf315c8b739ff98c078fb894ba3c4> /usr/lib/liblangid.dylib
0x385d7000 - 0x385e1fff  liblockdown.dylib armv7s  <5623ee432246307eb3ca6b212542d69d> /usr/lib/liblockdown.dylib
0x38923000 - 0x38937fff  libmis.dylib armv7s  <10ffee9d35cc3a3aafad5a1f3fe1e3e7> /usr/lib/libmis.dylib
0x38960000 - 0x38afffff  libobjc.A.dylib armv7s  <0cc1bf8b5caa39fd90ca9cfc94e03fcb> /usr/lib/libobjc.A.dylib
0x38bc7000 - 0x38bdcfff  libresolv.9.dylib armv7s  <763ddffb38af3444b74501dde37a5949> /usr/lib/libresolv.9.dylib
0x38c05000 - 0x38c9cfff  libsqlite3.dylib armv7s  <0cd7d6e04761365480a2078daee86959> /usr/lib/libsqlite3.dylib
0x38c9d000 - 0x38ceafff  libstdc++.6.dylib armv7s  <894bc61807683540a1d475ae8b117140> /usr/lib/libstdc++.6.dylib
0x38ceb000 - 0x38d11fff  libtidy.A.dylib armv7s  <9ac4925f9e803e48a846ae28aba6d355> /usr/lib/libtidy.A.dylib
0x38d15000 - 0x38dc8fff  libxml2.2.dylib armv7s  <810acee8bebe317492118d752643bde3> /usr/lib/libxml2.2.dylib
0x38dc9000 - 0x38deafff  libxslt.1.dylib armv7s  <e3269cf2460835588f0f9b8f5bed13b2> /usr/lib/libxslt.1.dylib
0x38deb000 - 0x38df7fff  libz.1.dylib armv7s  <d14399220e74365cbf13a57859a31782> /usr/lib/libz.1.dylib
0x38df8000 - 0x38dfcfff  libcache.dylib armv7s  <371dad0c805634ac9ad03150a7bb227d> /usr/lib/system/libcache.dylib
0x38dfd000 - 0x38e05fff  libcommonCrypto.dylib armv7s  <95f921d990c936a2a185363d6d606fae> /usr/lib/system/libcommonCrypto.dylib
0x38e06000 - 0x38e0afff  libcompiler_rt.dylib armv7s  <d993a2866d6e328aab22e5218075aaff> /usr/lib/system/libcompiler_rt.dylib
0x38e0b000 - 0x38e11fff  libcopyfile.dylib armv7s  <6e0607b0ba0c3b5297beb5c2291803f3> /usr/lib/system/libcopyfile.dylib
0x38e12000 - 0x38e4bfff  libcorecrypto.dylib armv7s  <8af5878efc1a3eeb8e3ca9ec454855a8> /usr/lib/system/libcorecrypto.dylib
0x38e4c000 - 0x38e5ffff  libdispatch.dylib armv7s  <20e9bf9f001f376bafe977a315d87fd7> /usr/lib/system/libdispatch.dylib
0x38e60000 - 0x38e61fff  libdyld.dylib armv7s  <93c82bcfda94398b997952820e4b22bf> /usr/lib/system/libdyld.dylib
0x38e62000 - 0x38e62fff  libkeymgr.dylib armv7s  <d430920807683cb99757df3fc70cf91a> /usr/lib/system/libkeymgr.dylib
0x38e63000 - 0x38e69fff  liblaunch.dylib armv7s  <b176974ad8613f329c4958f5a2d6bd2e> /usr/lib/system/liblaunch.dylib
0x38e6a000 - 0x38e6dfff  libmacho.dylib armv7s  <32be9d5e3cf331449dc721918fe68901> /usr/lib/system/libmacho.dylib
0x38e6e000 - 0x38e6ffff  libremovefile.dylib armv7s  <f194a68d448b3e169b2009a17af77a80> /usr/lib/system/libremovefile.dylib
0x38e70000 - 0x38e7dfff  libsystem_asl.dylib armv7s  <466e30f1d8f03803975292042874ed17> /usr/lib/system/libsystem_asl.dylib
0x38e7e000 - 0x38e7efff  libsystem_blocks.dylib armv7s  <cd492afd4dae33e08cc18b6d4bfebe1a> /usr/lib/system/libsystem_blocks.dylib
0x38e7f000 - 0x38ee1fff  libsystem_c.dylib armv7s  <bea7785730ad3697abc806bd0e436bf2> /usr/lib/system/libsystem_c.dylib
0x38ee2000 - 0x38ee4fff  libsystem_configuration.dylib armv7s  <eea0d8e75c0b3bed962e0fdb654bc4da> /usr/lib/system/libsystem_configuration.dylib
0x38ee5000 - 0x38eebfff  libsystem_dnssd.dylib armv7s  <d99f9f73749e302f8ee15a37982262c8> /usr/lib/system/libsystem_dnssd.dylib
0x38eec000 - 0x38f04fff  libsystem_info.dylib armv7s  <3dc1420e94d733cabb8711b2acd45fec> /usr/lib/system/libsystem_info.dylib
0x38f05000 - 0x38f1dfff  libsystem_kernel.dylib armv7s  <352b213c6b3e3e4f87f40eeb524bac2a> /usr/lib/system/libsystem_kernel.dylib
0x38f1e000 - 0x38f3cfff  libsystem_m.dylib armv7s  <096ddc81fbf539429dfe0e73afbd894f> /usr/lib/system/libsystem_m.dylib
0x38f3d000 - 0x38f4efff  libsystem_malloc.dylib armv7s  <56fc79587a40330e9bae6a276e7999fd> /usr/lib/system/libsystem_malloc.dylib
0x38f4f000 - 0x38f6efff  libsystem_network.dylib armv7s  <18bb09e9a5243a298528743763efdea3> /usr/lib/system/libsystem_network.dylib
0x38f6f000 - 0x38f76fff  libsystem_notify.dylib armv7s  <1d2d6d25db4b3ce6ba2ff898554c2c6f> /usr/lib/system/libsystem_notify.dylib
0x38f77000 - 0x38f7bfff  libsystem_platform.dylib armv7s  <544403ae9e5834bfafdef5250aa5deeb> /usr/lib/system/libsystem_platform.dylib
0x38f7c000 - 0x38f81fff  libsystem_pthread.dylib armv7s  <3b9209ad7912375c9ba09eaf8d98f987> /usr/lib/system/libsystem_pthread.dylib
0x38f82000 - 0x38f83fff  libsystem_sandbox.dylib armv7s  <94b38e062c2a3f77bf631ba6eb96af85> /usr/lib/system/libsystem_sandbox.dylib
0x38f84000 - 0x38f86fff  libsystem_stats.dylib armv7s  <cc2124d613d33e3db1a0786a4b196adf> /usr/lib/system/libsystem_stats.dylib
0x38f87000 - 0x38f87fff  libunwind.dylib armv7s  <6fdd98b80180359199c8f01ae5272f2a> /usr/lib/system/libunwind.dylib
0x38f88000 - 0x38fa2fff  libxpc.dylib armv7s  <8ae3aa0d5ebe3f139e7bfb4b32638d1c> /usr/lib/system/libxpc.dylib
